# JRE version: Java(TM) SE Runtime Environment (8.0_172-b11) (build 1.8.0_172-b11)
# Java VM: Java HotSpot(TM) 64-Bit Server VM (25.172-b11 mixed mode windows-amd64 compressed oops)
Heap:
 PSYoungGen      total 37888K, used 15360K [0x00000000f2b00000, 0x00000000f5500000, 0x0000000100000000)
  eden space 32768K, 46% used [0x00000000f2b00000,0x00000000f3a00130,0x00000000f4b00000)
  from space 5120K, 0% used [0x00000000f4b00000,0x00000000f4b00000,0x00000000f5000000)
  to   space 5120K, 0% used [0x00000000f5000000,0x00000000f5000000,0x00000000f5500000)
 ParOldGen       total 86016K, used 1371K [0x00000000d8000000, 0x00000000dd400000, 0x00000000f2b00000)
  object space 86016K, 1% used [0x00000000d8000000,0x00000000d8156c38,0x00000000dd400000)
 Metaspace       used 14064K, capacity 14286K, committed 14464K, reserved 1062912K
  class space    used 1565K, capacity 1647K, committed 1664K, reserved 1048576K
GC Heap History (4 events):
Event: 0.333 GC heap before
{Heap before GC invocations=1 (full 0):
 PSYoungGen      total 37888K, used 6055K [0x00000000f2b00000, 0x00000000f5500000, 0x0000000100000000)
  eden space 32768K, 18% used [0x00000000f2b00000,0x00000000f30e9eb8,0x00000000f4b00000)
  from space 5120K, 0% used [0x00000000f5000000,0x00000000f5000000,0x00000000f5500000)
  to   space 5120K, 0% used [0x00000000f4b00000,0x00000000f4b00000,0x00000000f5000000)
 ParOldGen       total 86016K, used 0K [0x00000000d8000000, 0x00000000dd400000, 0x00000000f2b00000)
  object space 86016K, 0% used [0x00000000d8000000,0x00000000d8000000,0x00000000dd400000)
 Metaspace       used 7483K, capacity 7632K, committed 7808K, reserved 1056768K
  class space    used 820K, capacity 885K, committed 896K, reserved 1048576K
Event: 0.335 GC heap after
Heap after GC invocations=1 (full 0):
 PSYoungGen      total 37888K, used 1430K [0x00000000f2b00000, 0x00000000f5500000, 0x0000000100000000)
  eden space 32768K, 0% used [0x00000000f2b00000,0x00000000f2b00000,0x00000000f4b00000)
  from space 5120K, 27% used [0x00000000f4b00000,0x00000000f4c65960,0x00000000f5000000)
  to   space 5120K, 0% used [0x00000000f5000000,0x00000000f5000000,0x00000000f5500000)
 ParOldGen       total 86016K, used 8K [0x00000000d8000000, 0x00000000dd400000, 0x00000000f2b00000)
  object space 86016K, 0% used [0x00000000d8000000,0x00000000d8002000,0x00000000dd400000)
 Metaspace       used 7483K, capacity 7632K, committed 7808K, reserved 1056768K
  class space    used 820K, capacity 885K, committed 896K, reserved 1048576K
}
Event: 0.335 GC heap before
{Heap before GC invocations=2 (full 1):
 PSYoungGen      total 37888K, used 1430K [0x00000000f2b00000, 0x00000000f5500000, 0x0000000100000000)
  eden space 32768K, 0% used [0x00000000f2b00000,0x00000000f2b00000,0x00000000f4b00000)
  from space 5120K, 27% used [0x00000000f4b00000,0x00000000f4c65960,0x00000000f5000000)
  to   space 5120K, 0% used [0x00000000f5000000,0x00000000f5000000,0x00000000f5500000)
 ParOldGen       total 86016K, used 8K [0x00000000d8000000, 0x00000000dd400000, 0x00000000f2b00000)
  object space 86016K, 0% used [0x00000000d8000000,0x00000000d8002000,0x00000000dd400000)
 Metaspace       used 7483K, capacity 7632K, committed 7808K, reserved 1056768K
  class space    used 820K, capacity 885K, committed 896K, reserved 1048576K
Event: 0.345 GC heap after
Heap after GC invocations=2 (full 1):
 PSYoungGen      total 37888K, used 0K [0x00000000f2b00000, 0x00000000f5500000, 0x0000000100000000)
  eden space 32768K, 0% used [0x00000000f2b00000,0x00000000f2b00000,0x00000000f4b00000)
  from space 5120K, 0% used [0x00000000f4b00000,0x00000000f4b00000,0x00000000f5000000)
  to   space 5120K, 0% used [0x00000000f5000000,0x00000000f5000000,0x00000000f5500000)
 ParOldGen       total 86016K, used 1371K [0x00000000d8000000, 0x00000000dd400000, 0x00000000f2b00000)
  object space 86016K, 1% used [0x00000000d8000000,0x00000000d8156c38,0x00000000dd400000)
 Metaspace       used 7483K, capacity 7632K, committed 7808K, reserved 1056768K
  class space    used 820K, capacity 885K, committed 896K, reserved 1048576K
}

